<?xml version="1.0" encoding="UTF-8"?>
<testng-results ignored="0" total="1" passed="1" failed="0" skipped="0">
  <reporter-output>
  </reporter-output>
  <suite started-at="2022-12-05T09:56:03 IST" name="Default suite" finished-at="2022-12-05T09:56:13 IST" duration-ms="9479">
    <groups>
    </groups>
    <test started-at="2022-12-05T09:56:03 IST" name="Default test" finished-at="2022-12-05T09:56:13 IST" duration-ms="9479">
      <class name="assingment.Policybazaar">
        <test-method signature="test()[pri:0, instance:assingment.Policybazaar@121314f7]" started-at="2022-12-05T09:56:03 IST" name="test" finished-at="2022-12-05T09:56:13 IST" duration-ms="9436" status="PASS">
          <reporter-output>
          </reporter-output>
        </test-method> <!-- test -->
      </class> <!-- assingment.Policybazaar -->
    </test> <!-- Default test -->
  </suite> <!-- Default suite -->
</testng-results>
